<?xml version="1.0" encoding="UTF-8"?>
<!-- Generated by org.testng.reporters.JUnitReportReporter -->
<testsuite hostname="DEEPU-PC" name="com.acttime.projectandcustomertest.SampleTest" tests="1" failures="0" timestamp="14 Sep 2014 05:02:27 GMT" time="9.380" errors="0">
  <testcase name="createCustomer" time="9.380" classname="com.acttime.projectandcustomertest.SampleTest"/>
</testsuite> <!-- com.acttime.projectandcustomertest.SampleTest -->
